  VeriYapılarıProjesi3.cpp
C:\Users\MONSTER\source\repos\VeriYapılarıProjesi3\VeriYapılarıProjesi3\VeriYapılarıProjesi3.cpp(115,39): warning C4244: '=': '_Rep' - 'int' dönüşümü; veri kaybı olabilir
          with
          [
              _Rep=__int64
          ]
C:\Users\MONSTER\source\repos\VeriYapılarıProjesi3\VeriYapılarıProjesi3\VeriYapılarıProjesi3.cpp(133,31): warning C4244: '=': '_Rep' - 'int' dönüşümü; veri kaybı olabilir
          with
          [
              _Rep=__int64
          ]
C:\Users\MONSTER\source\repos\VeriYapılarıProjesi3\VeriYapılarıProjesi3\VeriYapılarıProjesi3.cpp(100,25): warning C4101: 'p': yerel değişken başvurusu kaldırıldı
C:\Users\MONSTER\source\repos\VeriYapılarıProjesi3\VeriYapılarıProjesi3\VeriYapılarıProjesi3.cpp(154,39): warning C4244: '=': '_Rep' - 'int' dönüşümü; veri kaybı olabilir
          with
          [
              _Rep=__int64
          ]
C:\Users\MONSTER\source\repos\VeriYapılarıProjesi3\VeriYapılarıProjesi3\VeriYapılarıProjesi3.cpp(172,31): warning C4244: '=': '_Rep' - 'int' dönüşümü; veri kaybı olabilir
          with
          [
              _Rep=__int64
          ]
C:\Users\MONSTER\source\repos\VeriYapılarıProjesi3\VeriYapılarıProjesi3\VeriYapılarıProjesi3.cpp(140,25): warning C4101: 'p': yerel değişken başvurusu kaldırıldı
C:\Users\MONSTER\source\repos\VeriYapılarıProjesi3\VeriYapılarıProjesi3\VeriYapılarıProjesi3.cpp(202,51): warning C4101: 'temp': yerel değişken başvurusu kaldırıldı
  VeriYapılarıProjesi3.vcxproj -> C:\Users\MONSTER\source\repos\VeriYapılarıProjesi3\Debug\VeriYapılarıProjesi3.exe
